[2025-06-08T11:09:58.363+0000] {local_task_job_runner.py:120} INFO - ::group::Pre task execution logs
[2025-06-08T11:09:58.414+0000] {taskinstance.py:2076} INFO - Dependencies all met for dep_context=non-requeueable deps ti=<TaskInstance: incremental_data_processor.create_sales_transactions_table manual__2025-06-08T10:59:41.466993+00:00 [queued]>
[2025-06-08T11:09:58.430+0000] {taskinstance.py:2076} INFO - Dependencies all met for dep_context=requeueable deps ti=<TaskInstance: incremental_data_processor.create_sales_transactions_table manual__2025-06-08T10:59:41.466993+00:00 [queued]>
[2025-06-08T11:09:58.431+0000] {taskinstance.py:2306} INFO - Starting attempt 1 of 3
[2025-06-08T11:09:58.453+0000] {taskinstance.py:2330} INFO - Executing <Task(PostgresOperator): create_sales_transactions_table> on 2025-06-08 10:59:41.466993+00:00
[2025-06-08T11:09:58.459+0000] {standard_task_runner.py:63} INFO - Started process 1271 to run task
[2025-06-08T11:09:58.466+0000] {standard_task_runner.py:90} INFO - Running: ['***', 'tasks', 'run', 'incremental_data_processor', 'create_sales_transactions_table', 'manual__2025-06-08T10:59:41.466993+00:00', '--job-id', '70', '--raw', '--subdir', 'DAGS_FOLDER/incremental_data_processor.py', '--cfg-path', '/tmp/tmp74h_9mdr']
[2025-06-08T11:09:58.471+0000] {standard_task_runner.py:91} INFO - Job 70: Subtask create_sales_transactions_table
[2025-06-08T11:09:58.554+0000] {task_command.py:426} INFO - Running <TaskInstance: incremental_data_processor.create_sales_transactions_table manual__2025-06-08T10:59:41.466993+00:00 [running]> on host 6211e2649837
[2025-06-08T11:09:58.689+0000] {taskinstance.py:2648} INFO - Exporting env vars: AIRFLOW_CTX_DAG_EMAIL='admin@company.com' AIRFLOW_CTX_DAG_OWNER='***' AIRFLOW_CTX_DAG_ID='incremental_data_processor' AIRFLOW_CTX_TASK_ID='create_sales_transactions_table' AIRFLOW_CTX_EXECUTION_DATE='2025-06-08T10:59:41.466993+00:00' AIRFLOW_CTX_TRY_NUMBER='1' AIRFLOW_CTX_DAG_RUN_ID='manual__2025-06-08T10:59:41.466993+00:00'
[2025-06-08T11:09:58.693+0000] {taskinstance.py:430} INFO - ::endgroup::
[2025-06-08T11:09:58.713+0000] {sql.py:276} INFO - Executing: 
        CREATE TABLE IF NOT EXISTS sales_transactions (
            transaction_id VARCHAR(20) PRIMARY KEY,
            order_date TIMESTAMP,
            customer_id VARCHAR(20),
            customer_name VARCHAR(100),
            customer_email VARCHAR(100),
            customer_type VARCHAR(20),
            product_ids TEXT,
            product_names TEXT,
            quantities TEXT,
            unit_prices TEXT,
            subtotal DECIMAL(12,2),
            tax_amount DECIMAL(10,2),
            shipping_cost DECIMAL(10,2),
            discount_amount DECIMAL(10,2),
            total_amount DECIMAL(12,2),
            payment_method VARCHAR(50),
            payment_status VARCHAR(20),
            order_status VARCHAR(20),
            sales_channel VARCHAR(50),
            sales_rep_id VARCHAR(10),
            sales_rep_name VARCHAR(100),
            shipping_address TEXT,
            billing_address TEXT,
            region VARCHAR(50),
            country VARCHAR(50),
            currency VARCHAR(10),
            exchange_rate DECIMAL(10,4),
            notes TEXT,
            refund_amount DECIMAL(12,2) DEFAULT 0,
            is_gift BOOLEAN DEFAULT FALSE,
            loyalty_points_earned INTEGER DEFAULT 0,
            created_at TIMESTAMP DEFAULT CURRENT_TIMESTAMP
        );
        
        CREATE INDEX IF NOT EXISTS idx_sales_order_date ON sales_transactions(order_date);
        CREATE INDEX IF NOT EXISTS idx_sales_customer ON sales_transactions(customer_id);
        CREATE INDEX IF NOT EXISTS idx_sales_status ON sales_transactions(order_status);
    
[2025-06-08T11:09:58.730+0000] {base.py:84} INFO - Using connection ID 'write_to_psql' for task execution.
[2025-06-08T11:09:58.743+0000] {base.py:84} INFO - Using connection ID 'write_to_psql' for task execution.
[2025-06-08T11:09:58.749+0000] {sql.py:470} INFO - Running statement: 
        CREATE TABLE IF NOT EXISTS sales_transactions (
            transaction_id VARCHAR(20) PRIMARY KEY,
            order_date TIMESTAMP,
            customer_id VARCHAR(20),
            customer_name VARCHAR(100),
            customer_email VARCHAR(100),
            customer_type VARCHAR(20),
            product_ids TEXT,
            product_names TEXT,
            quantities TEXT,
            unit_prices TEXT,
            subtotal DECIMAL(12,2),
            tax_amount DECIMAL(10,2),
            shipping_cost DECIMAL(10,2),
            discount_amount DECIMAL(10,2),
            total_amount DECIMAL(12,2),
            payment_method VARCHAR(50),
            payment_status VARCHAR(20),
            order_status VARCHAR(20),
            sales_channel VARCHAR(50),
            sales_rep_id VARCHAR(10),
            sales_rep_name VARCHAR(100),
            shipping_address TEXT,
            billing_address TEXT,
            region VARCHAR(50),
            country VARCHAR(50),
            currency VARCHAR(10),
            exchange_rate DECIMAL(10,4),
            notes TEXT,
            refund_amount DECIMAL(12,2) DEFAULT 0,
            is_gift BOOLEAN DEFAULT FALSE,
            loyalty_points_earned INTEGER DEFAULT 0,
            created_at TIMESTAMP DEFAULT CURRENT_TIMESTAMP
        );
        
        CREATE INDEX IF NOT EXISTS idx_sales_order_date ON sales_transactions(order_date);
        CREATE INDEX IF NOT EXISTS idx_sales_customer ON sales_transactions(customer_id);
        CREATE INDEX IF NOT EXISTS idx_sales_status ON sales_transactions(order_status);
    , parameters: None
[2025-06-08T11:09:58.754+0000] {taskinstance.py:441} INFO - ::group::Post task execution logs
[2025-06-08T11:09:58.768+0000] {taskinstance.py:1206} INFO - Marking task as SUCCESS. dag_id=incremental_data_processor, task_id=create_sales_transactions_table, run_id=manual__2025-06-08T10:59:41.466993+00:00, execution_date=20250608T105941, start_date=20250608T110958, end_date=20250608T110958
[2025-06-08T11:09:58.810+0000] {local_task_job_runner.py:240} INFO - Task exited with return code 0
[2025-06-08T11:09:58.839+0000] {logging_mixin.py:188} WARNING - /home/***/.local/lib/python3.9/site-packages/***/models/baseoperator.py:1296 AirflowProviderDeprecationWarning: Call to deprecated class PostgresOperator. (Please use `***.providers.common.sql.operators.sql.SQLExecuteQueryOperator`.Also, you can provide `hook_params={'schema': <database>}`.)
[2025-06-08T11:09:58.874+0000] {taskinstance.py:3498} INFO - 0 downstream tasks scheduled from follow-on schedule check
[2025-06-08T11:09:58.890+0000] {local_task_job_runner.py:222} INFO - ::endgroup::
