[2025-06-08T10:59:38.578+0000] {local_task_job_runner.py:120} INFO - ::group::Pre task execution logs
[2025-06-08T10:59:38.622+0000] {taskinstance.py:2076} INFO - Dependencies all met for dep_context=non-requeueable deps ti=<TaskInstance: data_monitoring_and_reporting.execute_data_quality_checks scheduled__2025-06-08T00:00:00+00:00 [queued]>
[2025-06-08T10:59:38.635+0000] {taskinstance.py:2076} INFO - Dependencies all met for dep_context=requeueable deps ti=<TaskInstance: data_monitoring_and_reporting.execute_data_quality_checks scheduled__2025-06-08T00:00:00+00:00 [queued]>
[2025-06-08T10:59:38.636+0000] {taskinstance.py:2306} INFO - Starting attempt 1 of 2
[2025-06-08T10:59:38.656+0000] {taskinstance.py:2330} INFO - Executing <Task(PythonOperator): execute_data_quality_checks> on 2025-06-08 00:00:00+00:00
[2025-06-08T10:59:38.661+0000] {standard_task_runner.py:63} INFO - Started process 394 to run task
[2025-06-08T10:59:38.665+0000] {standard_task_runner.py:90} INFO - Running: ['***', 'tasks', 'run', 'data_monitoring_and_reporting', 'execute_data_quality_checks', 'scheduled__2025-06-08T00:00:00+00:00', '--job-id', '16', '--raw', '--subdir', 'DAGS_FOLDER/data_monitoring_and_reporting.py', '--cfg-path', '/tmp/tmpp0640g_2']
[2025-06-08T10:59:38.669+0000] {standard_task_runner.py:91} INFO - Job 16: Subtask execute_data_quality_checks
[2025-06-08T10:59:38.743+0000] {task_command.py:426} INFO - Running <TaskInstance: data_monitoring_and_reporting.execute_data_quality_checks scheduled__2025-06-08T00:00:00+00:00 [running]> on host 6211e2649837
[2025-06-08T10:59:38.864+0000] {taskinstance.py:2648} INFO - Exporting env vars: AIRFLOW_CTX_DAG_EMAIL='analytics@company.com' AIRFLOW_CTX_DAG_OWNER='***' AIRFLOW_CTX_DAG_ID='data_monitoring_and_reporting' AIRFLOW_CTX_TASK_ID='execute_data_quality_checks' AIRFLOW_CTX_EXECUTION_DATE='2025-06-08T00:00:00+00:00' AIRFLOW_CTX_TRY_NUMBER='1' AIRFLOW_CTX_DAG_RUN_ID='scheduled__2025-06-08T00:00:00+00:00'
[2025-06-08T10:59:38.866+0000] {taskinstance.py:430} INFO - ::endgroup::
[2025-06-08T10:59:38.902+0000] {base.py:84} INFO - Using connection ID 'write_to_psql' for task execution.
[2025-06-08T10:59:38.921+0000] {logging_mixin.py:188} WARNING - /home/***/.local/lib/python3.9/site-packages/***/providers/common/sql/hooks/sql.py:243 UserWarning: pandas only supports SQLAlchemy connectable (engine/connection) or database string URI or sqlite3 DBAPI2 connection. Other DBAPI2 objects are not tested. Please consider using SQLAlchemy.
[2025-06-08T10:59:38.943+0000] {base.py:84} INFO - Using connection ID 'write_to_psql' for task execution.
[2025-06-08T10:59:38.964+0000] {base.py:84} INFO - Using connection ID 'write_to_psql' for task execution.
[2025-06-08T10:59:39.012+0000] {logging_mixin.py:188} INFO - ✅ All data quality checks passed!
[2025-06-08T10:59:39.013+0000] {python.py:237} INFO - Done. Returned value was: {'employees_quality': {'table_name': 'employees', 'total_records': 0, 'null_emails': 0, 'duplicate_emails': 0, 'invalid_ages': 0, 'invalid_salaries': 0, 'last_record_created': None}, 'products_quality': {'table_name': 'products', 'total_records': 0, 'duplicate_skus': 0, 'negative_margin_products': 0, 'negative_stock': 0, 'invalid_ratings': 0, 'last_record_created': None}, 'sales_quality': {'table_name': 'sales_transactions', 'total_records': 0, 'negative_amounts': 0, 'future_dates': 0, 'missing_emails': 0, 'failed_payments': 0, 'last_record_created': None}}
[2025-06-08T10:59:39.015+0000] {taskinstance.py:441} INFO - ::group::Post task execution logs
[2025-06-08T10:59:39.045+0000] {taskinstance.py:1206} INFO - Marking task as SUCCESS. dag_id=data_monitoring_and_reporting, task_id=execute_data_quality_checks, run_id=scheduled__2025-06-08T00:00:00+00:00, execution_date=20250608T000000, start_date=20250608T105938, end_date=20250608T105939
[2025-06-08T10:59:39.092+0000] {local_task_job_runner.py:240} INFO - Task exited with return code 0
[2025-06-08T10:59:39.113+0000] {logging_mixin.py:188} WARNING - /home/***/.local/lib/python3.9/site-packages/***/models/baseoperator.py:1296 AirflowProviderDeprecationWarning: Call to deprecated class PostgresOperator. (Please use `***.providers.common.sql.operators.sql.SQLExecuteQueryOperator`.Also, you can provide `hook_params={'schema': <database>}`.)
[2025-06-08T10:59:39.132+0000] {taskinstance.py:3498} INFO - 0 downstream tasks scheduled from follow-on schedule check
[2025-06-08T10:59:39.139+0000] {local_task_job_runner.py:222} INFO - ::endgroup::
