[2025-06-08T12:24:46.888+0000] {local_task_job_runner.py:120} INFO - ::group::Pre task execution logs
[2025-06-08T12:24:46.934+0000] {taskinstance.py:2076} INFO - Dependencies all met for dep_context=non-requeueable deps ti=<TaskInstance: incremental_data_processor.create_web_analytics_table scheduled__2025-06-08T11:00:00+00:00 [queued]>
[2025-06-08T12:24:46.949+0000] {taskinstance.py:2076} INFO - Dependencies all met for dep_context=requeueable deps ti=<TaskInstance: incremental_data_processor.create_web_analytics_table scheduled__2025-06-08T11:00:00+00:00 [queued]>
[2025-06-08T12:24:46.951+0000] {taskinstance.py:2306} INFO - Starting attempt 1 of 3
[2025-06-08T12:24:46.971+0000] {taskinstance.py:2330} INFO - Executing <Task(PostgresOperator): create_web_analytics_table> on 2025-06-08 11:00:00+00:00
[2025-06-08T12:24:46.978+0000] {standard_task_runner.py:63} INFO - Started process 2162 to run task
[2025-06-08T12:24:46.984+0000] {standard_task_runner.py:90} INFO - Running: ['***', 'tasks', 'run', 'incremental_data_processor', 'create_web_analytics_table', 'scheduled__2025-06-08T11:00:00+00:00', '--job-id', '106', '--raw', '--subdir', 'DAGS_FOLDER/incremental_data_processor.py', '--cfg-path', '/tmp/tmpuafr_k7s']
[2025-06-08T12:24:46.988+0000] {standard_task_runner.py:91} INFO - Job 106: Subtask create_web_analytics_table
[2025-06-08T12:24:47.061+0000] {task_command.py:426} INFO - Running <TaskInstance: incremental_data_processor.create_web_analytics_table scheduled__2025-06-08T11:00:00+00:00 [running]> on host 6211e2649837
[2025-06-08T12:24:47.178+0000] {taskinstance.py:2648} INFO - Exporting env vars: AIRFLOW_CTX_DAG_EMAIL='admin@company.com' AIRFLOW_CTX_DAG_OWNER='***' AIRFLOW_CTX_DAG_ID='incremental_data_processor' AIRFLOW_CTX_TASK_ID='create_web_analytics_table' AIRFLOW_CTX_EXECUTION_DATE='2025-06-08T11:00:00+00:00' AIRFLOW_CTX_TRY_NUMBER='1' AIRFLOW_CTX_DAG_RUN_ID='scheduled__2025-06-08T11:00:00+00:00'
[2025-06-08T12:24:47.180+0000] {taskinstance.py:430} INFO - ::endgroup::
[2025-06-08T12:24:47.198+0000] {sql.py:276} INFO - Executing: 
        CREATE TABLE IF NOT EXISTS web_analytics (
            session_id VARCHAR(30) PRIMARY KEY,
            user_id VARCHAR(20),
            timestamp TIMESTAMP,
            page_url VARCHAR(200),
            referrer_url VARCHAR(500),
            source VARCHAR(50),
            medium VARCHAR(50),
            campaign VARCHAR(100),
            device_type VARCHAR(20),
            browser VARCHAR(50),
            operating_system VARCHAR(50),
            screen_resolution VARCHAR(20),
            country VARCHAR(50),
            city VARCHAR(50),
            language VARCHAR(20),
            session_duration_seconds INTEGER,
            pages_viewed INTEGER,
            bounce BOOLEAN DEFAULT FALSE,
            conversion BOOLEAN DEFAULT FALSE,
            conversion_value DECIMAL(10,2) DEFAULT 0,
            events_triggered INTEGER DEFAULT 0,
            click_through_rate DECIMAL(5,2),
            scroll_depth_percentage INTEGER,
            form_submissions INTEGER DEFAULT 0,
            downloads INTEGER DEFAULT 0,
            video_plays INTEGER DEFAULT 0,
            add_to_cart INTEGER DEFAULT 0,
            purchases INTEGER DEFAULT 0,
            new_vs_returning VARCHAR(20),
            user_agent TEXT,
            ip_address_hash VARCHAR(64),
            session_quality_score DECIMAL(5,2)
        );
        
        CREATE INDEX IF NOT EXISTS idx_analytics_timestamp ON web_analytics(timestamp);
        CREATE INDEX IF NOT EXISTS idx_analytics_user ON web_analytics(user_id);
        CREATE INDEX IF NOT EXISTS idx_analytics_page ON web_analytics(page_url);
    
[2025-06-08T12:24:47.211+0000] {base.py:84} INFO - Using connection ID 'write_to_psql' for task execution.
[2025-06-08T12:24:47.224+0000] {base.py:84} INFO - Using connection ID 'write_to_psql' for task execution.
[2025-06-08T12:24:47.232+0000] {sql.py:470} INFO - Running statement: 
        CREATE TABLE IF NOT EXISTS web_analytics (
            session_id VARCHAR(30) PRIMARY KEY,
            user_id VARCHAR(20),
            timestamp TIMESTAMP,
            page_url VARCHAR(200),
            referrer_url VARCHAR(500),
            source VARCHAR(50),
            medium VARCHAR(50),
            campaign VARCHAR(100),
            device_type VARCHAR(20),
            browser VARCHAR(50),
            operating_system VARCHAR(50),
            screen_resolution VARCHAR(20),
            country VARCHAR(50),
            city VARCHAR(50),
            language VARCHAR(20),
            session_duration_seconds INTEGER,
            pages_viewed INTEGER,
            bounce BOOLEAN DEFAULT FALSE,
            conversion BOOLEAN DEFAULT FALSE,
            conversion_value DECIMAL(10,2) DEFAULT 0,
            events_triggered INTEGER DEFAULT 0,
            click_through_rate DECIMAL(5,2),
            scroll_depth_percentage INTEGER,
            form_submissions INTEGER DEFAULT 0,
            downloads INTEGER DEFAULT 0,
            video_plays INTEGER DEFAULT 0,
            add_to_cart INTEGER DEFAULT 0,
            purchases INTEGER DEFAULT 0,
            new_vs_returning VARCHAR(20),
            user_agent TEXT,
            ip_address_hash VARCHAR(64),
            session_quality_score DECIMAL(5,2)
        );
        
        CREATE INDEX IF NOT EXISTS idx_analytics_timestamp ON web_analytics(timestamp);
        CREATE INDEX IF NOT EXISTS idx_analytics_user ON web_analytics(user_id);
        CREATE INDEX IF NOT EXISTS idx_analytics_page ON web_analytics(page_url);
    , parameters: None
[2025-06-08T12:24:47.238+0000] {taskinstance.py:441} INFO - ::group::Post task execution logs
[2025-06-08T12:24:47.252+0000] {taskinstance.py:1206} INFO - Marking task as SUCCESS. dag_id=incremental_data_processor, task_id=create_web_analytics_table, run_id=scheduled__2025-06-08T11:00:00+00:00, execution_date=20250608T110000, start_date=20250608T122446, end_date=20250608T122447
[2025-06-08T12:24:47.288+0000] {local_task_job_runner.py:240} INFO - Task exited with return code 0
[2025-06-08T12:24:47.301+0000] {local_task_job_runner.py:222} INFO - ::endgroup::
