[2025-06-08T14:16:26.743+0000] {local_task_job_runner.py:120} INFO - ::group::Pre task execution logs
[2025-06-08T14:16:26.787+0000] {taskinstance.py:2076} INFO - Dependencies all met for dep_context=non-requeueable deps ti=<TaskInstance: large_csv_processor_dag.create_sales_transactions_table manual__2025-06-08T14:16:24+00:00 [queued]>
[2025-06-08T14:16:26.803+0000] {taskinstance.py:2076} INFO - Dependencies all met for dep_context=requeueable deps ti=<TaskInstance: large_csv_processor_dag.create_sales_transactions_table manual__2025-06-08T14:16:24+00:00 [queued]>
[2025-06-08T14:16:26.804+0000] {taskinstance.py:2306} INFO - Starting attempt 1 of 2
[2025-06-08T14:16:26.822+0000] {taskinstance.py:2330} INFO - Executing <Task(PostgresOperator): create_sales_transactions_table> on 2025-06-08 14:16:24+00:00
[2025-06-08T14:16:26.828+0000] {standard_task_runner.py:63} INFO - Started process 2298 to run task
[2025-06-08T14:16:26.832+0000] {standard_task_runner.py:90} INFO - Running: ['***', 'tasks', 'run', 'large_csv_processor_dag', 'create_sales_transactions_table', 'manual__2025-06-08T14:16:24+00:00', '--job-id', '201', '--raw', '--subdir', 'DAGS_FOLDER/csv_processor.py', '--cfg-path', '/tmp/tmpui4d92ly']
[2025-06-08T14:16:26.835+0000] {standard_task_runner.py:91} INFO - Job 201: Subtask create_sales_transactions_table
[2025-06-08T14:16:26.914+0000] {task_command.py:426} INFO - Running <TaskInstance: large_csv_processor_dag.create_sales_transactions_table manual__2025-06-08T14:16:24+00:00 [running]> on host afb0ae728713
[2025-06-08T14:16:27.038+0000] {taskinstance.py:2648} INFO - Exporting env vars: AIRFLOW_CTX_DAG_OWNER='***' AIRFLOW_CTX_DAG_ID='large_csv_processor_dag' AIRFLOW_CTX_TASK_ID='create_sales_transactions_table' AIRFLOW_CTX_EXECUTION_DATE='2025-06-08T14:16:24+00:00' AIRFLOW_CTX_TRY_NUMBER='1' AIRFLOW_CTX_DAG_RUN_ID='manual__2025-06-08T14:16:24+00:00'
[2025-06-08T14:16:27.040+0000] {taskinstance.py:430} INFO - ::endgroup::
[2025-06-08T14:16:27.061+0000] {sql.py:276} INFO - Executing: 
            DROP TABLE IF EXISTS sales_transactions CASCADE;
            CREATE TABLE sales_transactions (
                transaction_id VARCHAR(20) PRIMARY KEY,
                order_date TIMESTAMP,
                customer_id VARCHAR(20),
                customer_name VARCHAR(100),
                customer_email VARCHAR(100),
                customer_type VARCHAR(20),
                product_ids TEXT,
                product_names TEXT,
                quantities TEXT,
                unit_prices TEXT,
                subtotal DECIMAL(12,2),
                tax_amount DECIMAL(10,2),
                shipping_cost DECIMAL(10,2),
                discount_amount DECIMAL(10,2),
                total_amount DECIMAL(12,2),
                payment_method VARCHAR(50),
                payment_status VARCHAR(20),
                order_status VARCHAR(20),
                sales_channel VARCHAR(50),
                sales_rep_id VARCHAR(10),
                sales_rep_name VARCHAR(100),
                shipping_address TEXT,
                billing_address TEXT,
                region VARCHAR(50),
                country VARCHAR(50),
                currency VARCHAR(10),
                exchange_rate DECIMAL(10,4),
                notes TEXT,
                refund_amount DECIMAL(12,2),
                is_gift BOOLEAN,
                loyalty_points_earned INTEGER,
                created_at TIMESTAMP DEFAULT CURRENT_TIMESTAMP
            );
            
            CREATE INDEX idx_sales_order_date ON sales_transactions(order_date);
            CREATE INDEX idx_sales_customer ON sales_transactions(customer_id);
            CREATE INDEX idx_sales_status ON sales_transactions(order_status);
        
[2025-06-08T14:16:27.073+0000] {base.py:84} INFO - Using connection ID 'write_to_psql' for task execution.
[2025-06-08T14:16:27.089+0000] {base.py:84} INFO - Using connection ID 'write_to_psql' for task execution.
[2025-06-08T14:16:27.104+0000] {sql.py:470} INFO - Running statement: 
            DROP TABLE IF EXISTS sales_transactions CASCADE;
            CREATE TABLE sales_transactions (
                transaction_id VARCHAR(20) PRIMARY KEY,
                order_date TIMESTAMP,
                customer_id VARCHAR(20),
                customer_name VARCHAR(100),
                customer_email VARCHAR(100),
                customer_type VARCHAR(20),
                product_ids TEXT,
                product_names TEXT,
                quantities TEXT,
                unit_prices TEXT,
                subtotal DECIMAL(12,2),
                tax_amount DECIMAL(10,2),
                shipping_cost DECIMAL(10,2),
                discount_amount DECIMAL(10,2),
                total_amount DECIMAL(12,2),
                payment_method VARCHAR(50),
                payment_status VARCHAR(20),
                order_status VARCHAR(20),
                sales_channel VARCHAR(50),
                sales_rep_id VARCHAR(10),
                sales_rep_name VARCHAR(100),
                shipping_address TEXT,
                billing_address TEXT,
                region VARCHAR(50),
                country VARCHAR(50),
                currency VARCHAR(10),
                exchange_rate DECIMAL(10,4),
                notes TEXT,
                refund_amount DECIMAL(12,2),
                is_gift BOOLEAN,
                loyalty_points_earned INTEGER,
                created_at TIMESTAMP DEFAULT CURRENT_TIMESTAMP
            );
            
            CREATE INDEX idx_sales_order_date ON sales_transactions(order_date);
            CREATE INDEX idx_sales_customer ON sales_transactions(customer_id);
            CREATE INDEX idx_sales_status ON sales_transactions(order_status);
        , parameters: None
[2025-06-08T14:16:27.134+0000] {taskinstance.py:441} INFO - ::group::Post task execution logs
[2025-06-08T14:16:27.152+0000] {taskinstance.py:1206} INFO - Marking task as SUCCESS. dag_id=large_csv_processor_dag, task_id=create_sales_transactions_table, run_id=manual__2025-06-08T14:16:24+00:00, execution_date=20250608T141624, start_date=20250608T141626, end_date=20250608T141627
[2025-06-08T14:16:27.184+0000] {local_task_job_runner.py:240} INFO - Task exited with return code 0
[2025-06-08T14:16:27.217+0000] {logging_mixin.py:188} WARNING - /home/***/.local/lib/python3.9/site-packages/***/models/baseoperator.py:1296 AirflowProviderDeprecationWarning: Call to deprecated class PostgresOperator. (Please use `***.providers.common.sql.operators.sql.SQLExecuteQueryOperator`.Also, you can provide `hook_params={'schema': <database>}`.)
[2025-06-08T14:16:27.250+0000] {taskinstance.py:3498} INFO - 1 downstream tasks scheduled from follow-on schedule check
[2025-06-08T14:16:27.255+0000] {local_task_job_runner.py:222} INFO - ::endgroup::
