[2025-06-08T14:16:09.173+0000] {local_task_job_runner.py:120} INFO - ::group::Pre task execution logs
[2025-06-08T14:16:09.207+0000] {taskinstance.py:2076} INFO - Dependencies all met for dep_context=non-requeueable deps ti=<TaskInstance: simple_csv_to_postgres_dag.create_table manual__2025-06-08T14:16:08+00:00 [queued]>
[2025-06-08T14:16:09.218+0000] {taskinstance.py:2076} INFO - Dependencies all met for dep_context=requeueable deps ti=<TaskInstance: simple_csv_to_postgres_dag.create_table manual__2025-06-08T14:16:08+00:00 [queued]>
[2025-06-08T14:16:09.219+0000] {taskinstance.py:2306} INFO - Starting attempt 1 of 1
[2025-06-08T14:16:09.234+0000] {taskinstance.py:2330} INFO - Executing <Task(PostgresOperator): create_table> on 2025-06-08 14:16:08+00:00
[2025-06-08T14:16:09.239+0000] {standard_task_runner.py:63} INFO - Started process 2238 to run task
[2025-06-08T14:16:09.244+0000] {standard_task_runner.py:90} INFO - Running: ['***', 'tasks', 'run', 'simple_csv_to_postgres_dag', 'create_table', 'manual__2025-06-08T14:16:08+00:00', '--job-id', '198', '--raw', '--subdir', 'DAGS_FOLDER/simple_csv_to_postgres_dag.py', '--cfg-path', '/tmp/tmprxdd6t4d']
[2025-06-08T14:16:09.247+0000] {standard_task_runner.py:91} INFO - Job 198: Subtask create_table
[2025-06-08T14:16:09.306+0000] {task_command.py:426} INFO - Running <TaskInstance: simple_csv_to_postgres_dag.create_table manual__2025-06-08T14:16:08+00:00 [running]> on host afb0ae728713
[2025-06-08T14:16:09.403+0000] {taskinstance.py:2648} INFO - Exporting env vars: AIRFLOW_CTX_DAG_OWNER='***' AIRFLOW_CTX_DAG_ID='simple_csv_to_postgres_dag' AIRFLOW_CTX_TASK_ID='create_table' AIRFLOW_CTX_EXECUTION_DATE='2025-06-08T14:16:08+00:00' AIRFLOW_CTX_TRY_NUMBER='1' AIRFLOW_CTX_DAG_RUN_ID='manual__2025-06-08T14:16:08+00:00'
[2025-06-08T14:16:09.404+0000] {taskinstance.py:430} INFO - ::endgroup::
[2025-06-08T14:16:09.418+0000] {sql.py:276} INFO - Executing: 
        DROP TABLE IF EXISTS sample_table;
        CREATE TABLE sample_table (
            id SERIAL PRIMARY KEY,
            name VARCHAR(50),
            age INT,
            created_at TIMESTAMP DEFAULT CURRENT_TIMESTAMP
        );
        CREATE INDEX idx_sample_name ON sample_table(name);
        
[2025-06-08T14:16:09.429+0000] {base.py:84} INFO - Using connection ID 'write_to_psql' for task execution.
[2025-06-08T14:16:09.442+0000] {base.py:84} INFO - Using connection ID 'write_to_psql' for task execution.
[2025-06-08T14:16:09.447+0000] {sql.py:470} INFO - Running statement: 
        DROP TABLE IF EXISTS sample_table;
        CREATE TABLE sample_table (
            id SERIAL PRIMARY KEY,
            name VARCHAR(50),
            age INT,
            created_at TIMESTAMP DEFAULT CURRENT_TIMESTAMP
        );
        CREATE INDEX idx_sample_name ON sample_table(name);
        , parameters: None
[2025-06-08T14:16:09.456+0000] {taskinstance.py:441} INFO - ::group::Post task execution logs
[2025-06-08T14:16:09.466+0000] {taskinstance.py:1206} INFO - Marking task as SUCCESS. dag_id=simple_csv_to_postgres_dag, task_id=create_table, run_id=manual__2025-06-08T14:16:08+00:00, execution_date=20250608T141608, start_date=20250608T141609, end_date=20250608T141609
[2025-06-08T14:16:09.511+0000] {local_task_job_runner.py:240} INFO - Task exited with return code 0
[2025-06-08T14:16:09.537+0000] {logging_mixin.py:188} WARNING - /home/***/.local/lib/python3.9/site-packages/***/models/baseoperator.py:1296 AirflowProviderDeprecationWarning: Call to deprecated class PostgresOperator. (Please use `***.providers.common.sql.operators.sql.SQLExecuteQueryOperator`.Also, you can provide `hook_params={'schema': <database>}`.)
[2025-06-08T14:16:09.558+0000] {taskinstance.py:3498} INFO - 1 downstream tasks scheduled from follow-on schedule check
[2025-06-08T14:16:09.562+0000] {local_task_job_runner.py:222} INFO - ::endgroup::
