[2025-06-08T10:59:08.752+0000] {local_task_job_runner.py:120} INFO - ::group::Pre task execution logs
[2025-06-08T10:59:08.791+0000] {taskinstance.py:2076} INFO - Dependencies all met for dep_context=non-requeueable deps ti=<TaskInstance: large_csv_processor_dag.create_sales_transactions_table scheduled__2025-06-07T00:00:00+00:00 [queued]>
[2025-06-08T10:59:08.801+0000] {taskinstance.py:2076} INFO - Dependencies all met for dep_context=requeueable deps ti=<TaskInstance: large_csv_processor_dag.create_sales_transactions_table scheduled__2025-06-07T00:00:00+00:00 [queued]>
[2025-06-08T10:59:08.802+0000] {taskinstance.py:2306} INFO - Starting attempt 1 of 2
[2025-06-08T10:59:08.820+0000] {taskinstance.py:2330} INFO - Executing <Task(PostgresOperator): create_sales_transactions_table> on 2025-06-07 00:00:00+00:00
[2025-06-08T10:59:08.825+0000] {standard_task_runner.py:63} INFO - Started process 330 to run task
[2025-06-08T10:59:08.829+0000] {standard_task_runner.py:90} INFO - Running: ['***', 'tasks', 'run', 'large_csv_processor_dag', 'create_sales_transactions_table', 'scheduled__2025-06-07T00:00:00+00:00', '--job-id', '5', '--raw', '--subdir', 'DAGS_FOLDER/csv_processor.py', '--cfg-path', '/tmp/tmp8nr5v86b']
[2025-06-08T10:59:08.832+0000] {standard_task_runner.py:91} INFO - Job 5: Subtask create_sales_transactions_table
[2025-06-08T10:59:08.920+0000] {task_command.py:426} INFO - Running <TaskInstance: large_csv_processor_dag.create_sales_transactions_table scheduled__2025-06-07T00:00:00+00:00 [running]> on host 6211e2649837
[2025-06-08T10:59:09.025+0000] {taskinstance.py:2648} INFO - Exporting env vars: AIRFLOW_CTX_DAG_OWNER='***' AIRFLOW_CTX_DAG_ID='large_csv_processor_dag' AIRFLOW_CTX_TASK_ID='create_sales_transactions_table' AIRFLOW_CTX_EXECUTION_DATE='2025-06-07T00:00:00+00:00' AIRFLOW_CTX_TRY_NUMBER='1' AIRFLOW_CTX_DAG_RUN_ID='scheduled__2025-06-07T00:00:00+00:00'
[2025-06-08T10:59:09.026+0000] {taskinstance.py:430} INFO - ::endgroup::
[2025-06-08T10:59:09.046+0000] {sql.py:276} INFO - Executing: 
            DROP TABLE IF EXISTS sales_transactions CASCADE;
            CREATE TABLE sales_transactions (
                transaction_id VARCHAR(20) PRIMARY KEY,
                order_date TIMESTAMP,
                customer_id VARCHAR(20),
                customer_name VARCHAR(100),
                customer_email VARCHAR(100),
                customer_type VARCHAR(20),
                product_ids TEXT,
                product_names TEXT,
                quantities TEXT,
                unit_prices TEXT,
                subtotal DECIMAL(12,2),
                tax_amount DECIMAL(10,2),
                shipping_cost DECIMAL(10,2),
                discount_amount DECIMAL(10,2),
                total_amount DECIMAL(12,2),
                payment_method VARCHAR(50),
                payment_status VARCHAR(20),
                order_status VARCHAR(20),
                sales_channel VARCHAR(50),
                sales_rep_id VARCHAR(10),
                sales_rep_name VARCHAR(100),
                shipping_address TEXT,
                billing_address TEXT,
                region VARCHAR(50),
                country VARCHAR(50),
                currency VARCHAR(10),
                exchange_rate DECIMAL(10,4),
                notes TEXT,
                refund_amount DECIMAL(12,2),
                is_gift BOOLEAN,
                loyalty_points_earned INTEGER,
                created_at TIMESTAMP DEFAULT CURRENT_TIMESTAMP
            );
            
            CREATE INDEX idx_sales_order_date ON sales_transactions(order_date);
            CREATE INDEX idx_sales_customer ON sales_transactions(customer_id);
            CREATE INDEX idx_sales_status ON sales_transactions(order_status);
        
[2025-06-08T10:59:09.058+0000] {base.py:84} INFO - Using connection ID 'write_to_psql' for task execution.
[2025-06-08T10:59:09.071+0000] {base.py:84} INFO - Using connection ID 'write_to_psql' for task execution.
[2025-06-08T10:59:09.077+0000] {sql.py:470} INFO - Running statement: 
            DROP TABLE IF EXISTS sales_transactions CASCADE;
            CREATE TABLE sales_transactions (
                transaction_id VARCHAR(20) PRIMARY KEY,
                order_date TIMESTAMP,
                customer_id VARCHAR(20),
                customer_name VARCHAR(100),
                customer_email VARCHAR(100),
                customer_type VARCHAR(20),
                product_ids TEXT,
                product_names TEXT,
                quantities TEXT,
                unit_prices TEXT,
                subtotal DECIMAL(12,2),
                tax_amount DECIMAL(10,2),
                shipping_cost DECIMAL(10,2),
                discount_amount DECIMAL(10,2),
                total_amount DECIMAL(12,2),
                payment_method VARCHAR(50),
                payment_status VARCHAR(20),
                order_status VARCHAR(20),
                sales_channel VARCHAR(50),
                sales_rep_id VARCHAR(10),
                sales_rep_name VARCHAR(100),
                shipping_address TEXT,
                billing_address TEXT,
                region VARCHAR(50),
                country VARCHAR(50),
                currency VARCHAR(10),
                exchange_rate DECIMAL(10,4),
                notes TEXT,
                refund_amount DECIMAL(12,2),
                is_gift BOOLEAN,
                loyalty_points_earned INTEGER,
                created_at TIMESTAMP DEFAULT CURRENT_TIMESTAMP
            );
            
            CREATE INDEX idx_sales_order_date ON sales_transactions(order_date);
            CREATE INDEX idx_sales_customer ON sales_transactions(customer_id);
            CREATE INDEX idx_sales_status ON sales_transactions(order_status);
        , parameters: None
[2025-06-08T10:59:09.118+0000] {taskinstance.py:441} INFO - ::group::Post task execution logs
[2025-06-08T10:59:09.131+0000] {taskinstance.py:1206} INFO - Marking task as SUCCESS. dag_id=large_csv_processor_dag, task_id=create_sales_transactions_table, run_id=scheduled__2025-06-07T00:00:00+00:00, execution_date=20250607T000000, start_date=20250608T105908, end_date=20250608T105909
[2025-06-08T10:59:09.179+0000] {local_task_job_runner.py:240} INFO - Task exited with return code 0
[2025-06-08T10:59:09.193+0000] {local_task_job_runner.py:222} INFO - ::endgroup::
