[2025-06-08T14:38:21.333+0000] {local_task_job_runner.py:120} INFO - ::group::Pre task execution logs
[2025-06-08T14:38:21.368+0000] {taskinstance.py:2076} INFO - Dependencies all met for dep_context=non-requeueable deps ti=<TaskInstance: large_csv_processor_dag.create_products_table manual__2025-06-08T14:38:18+00:00 [queued]>
[2025-06-08T14:38:21.379+0000] {taskinstance.py:2076} INFO - Dependencies all met for dep_context=requeueable deps ti=<TaskInstance: large_csv_processor_dag.create_products_table manual__2025-06-08T14:38:18+00:00 [queued]>
[2025-06-08T14:38:21.380+0000] {taskinstance.py:2306} INFO - Starting attempt 1 of 2
[2025-06-08T14:38:21.397+0000] {taskinstance.py:2330} INFO - Executing <Task(PostgresOperator): create_products_table> on 2025-06-08 14:38:18+00:00
[2025-06-08T14:38:21.402+0000] {standard_task_runner.py:63} INFO - Started process 585 to run task
[2025-06-08T14:38:21.406+0000] {standard_task_runner.py:90} INFO - Running: ['***', 'tasks', 'run', 'large_csv_processor_dag', 'create_products_table', 'manual__2025-06-08T14:38:18+00:00', '--job-id', '218', '--raw', '--subdir', 'DAGS_FOLDER/csv_processor.py', '--cfg-path', '/tmp/tmpa3vznga4']
[2025-06-08T14:38:21.410+0000] {standard_task_runner.py:91} INFO - Job 218: Subtask create_products_table
[2025-06-08T14:38:21.471+0000] {task_command.py:426} INFO - Running <TaskInstance: large_csv_processor_dag.create_products_table manual__2025-06-08T14:38:18+00:00 [running]> on host 87e83fb02300
[2025-06-08T14:38:21.577+0000] {taskinstance.py:2648} INFO - Exporting env vars: AIRFLOW_CTX_DAG_OWNER='***' AIRFLOW_CTX_DAG_ID='large_csv_processor_dag' AIRFLOW_CTX_TASK_ID='create_products_table' AIRFLOW_CTX_EXECUTION_DATE='2025-06-08T14:38:18+00:00' AIRFLOW_CTX_TRY_NUMBER='1' AIRFLOW_CTX_DAG_RUN_ID='manual__2025-06-08T14:38:18+00:00'
[2025-06-08T14:38:21.579+0000] {taskinstance.py:430} INFO - ::endgroup::
[2025-06-08T14:38:21.597+0000] {sql.py:276} INFO - Executing: 
            DROP TABLE IF EXISTS products CASCADE;
            CREATE TABLE products (
                product_id VARCHAR(20) PRIMARY KEY,
                sku VARCHAR(20),
                product_name VARCHAR(200),
                category VARCHAR(50),
                brand VARCHAR(50),
                description TEXT,
                unit_price DECIMAL(10,2),
                cost_price DECIMAL(10,2),
                quantity_in_stock INTEGER,
                reorder_level INTEGER,
                reorder_quantity INTEGER,
                warehouse_location VARCHAR(50),
                supplier VARCHAR(50),
                weight_kg DECIMAL(10,2),
                dimensions_cm VARCHAR(50),
                condition VARCHAR(50),
                manufactured_date DATE,
                expiry_date VARCHAR(20),
                last_restocked DATE,
                units_sold_30days INTEGER,
                units_sold_90days INTEGER,
                units_sold_365days INTEGER,
                rating DECIMAL(3,2),
                review_count INTEGER,
                is_active BOOLEAN,
                discount_percentage DECIMAL(5,2),
                tax_rate DECIMAL(5,2),
                shipping_class VARCHAR(50),
                country_of_origin VARCHAR(50),
                barcode VARCHAR(50),
                minimum_age INTEGER,
                created_at TIMESTAMP DEFAULT CURRENT_TIMESTAMP
            );
            
            -- Create indexes
            CREATE INDEX idx_products_category ON products(category);
            CREATE INDEX idx_products_sku ON products(sku);
            CREATE INDEX idx_products_brand ON products(brand);
        
[2025-06-08T14:38:21.611+0000] {base.py:84} INFO - Using connection ID 'write_to_psql' for task execution.
[2025-06-08T14:38:21.625+0000] {base.py:84} INFO - Using connection ID 'write_to_psql' for task execution.
[2025-06-08T14:38:21.632+0000] {sql.py:470} INFO - Running statement: 
            DROP TABLE IF EXISTS products CASCADE;
            CREATE TABLE products (
                product_id VARCHAR(20) PRIMARY KEY,
                sku VARCHAR(20),
                product_name VARCHAR(200),
                category VARCHAR(50),
                brand VARCHAR(50),
                description TEXT,
                unit_price DECIMAL(10,2),
                cost_price DECIMAL(10,2),
                quantity_in_stock INTEGER,
                reorder_level INTEGER,
                reorder_quantity INTEGER,
                warehouse_location VARCHAR(50),
                supplier VARCHAR(50),
                weight_kg DECIMAL(10,2),
                dimensions_cm VARCHAR(50),
                condition VARCHAR(50),
                manufactured_date DATE,
                expiry_date VARCHAR(20),
                last_restocked DATE,
                units_sold_30days INTEGER,
                units_sold_90days INTEGER,
                units_sold_365days INTEGER,
                rating DECIMAL(3,2),
                review_count INTEGER,
                is_active BOOLEAN,
                discount_percentage DECIMAL(5,2),
                tax_rate DECIMAL(5,2),
                shipping_class VARCHAR(50),
                country_of_origin VARCHAR(50),
                barcode VARCHAR(50),
                minimum_age INTEGER,
                created_at TIMESTAMP DEFAULT CURRENT_TIMESTAMP
            );
            
            -- Create indexes
            CREATE INDEX idx_products_category ON products(category);
            CREATE INDEX idx_products_sku ON products(sku);
            CREATE INDEX idx_products_brand ON products(brand);
        , parameters: None
[2025-06-08T14:38:21.651+0000] {taskinstance.py:441} INFO - ::group::Post task execution logs
[2025-06-08T14:38:21.664+0000] {taskinstance.py:1206} INFO - Marking task as SUCCESS. dag_id=large_csv_processor_dag, task_id=create_products_table, run_id=manual__2025-06-08T14:38:18+00:00, execution_date=20250608T143818, start_date=20250608T143821, end_date=20250608T143821
[2025-06-08T14:38:21.713+0000] {local_task_job_runner.py:240} INFO - Task exited with return code 0
[2025-06-08T14:38:21.725+0000] {local_task_job_runner.py:222} INFO - ::endgroup::
