[2025-06-08T10:59:44.769+0000] {local_task_job_runner.py:120} INFO - ::group::Pre task execution logs
[2025-06-08T10:59:44.826+0000] {taskinstance.py:2076} INFO - Dependencies all met for dep_context=non-requeueable deps ti=<TaskInstance: incremental_data_processor.create_healthcare_records_table scheduled__2025-06-08T09:00:00+00:00 [queued]>
[2025-06-08T10:59:44.844+0000] {taskinstance.py:2076} INFO - Dependencies all met for dep_context=requeueable deps ti=<TaskInstance: incremental_data_processor.create_healthcare_records_table scheduled__2025-06-08T09:00:00+00:00 [queued]>
[2025-06-08T10:59:44.847+0000] {taskinstance.py:2306} INFO - Starting attempt 1 of 3
[2025-06-08T10:59:44.868+0000] {taskinstance.py:2330} INFO - Executing <Task(PostgresOperator): create_healthcare_records_table> on 2025-06-08 09:00:00+00:00
[2025-06-08T10:59:44.878+0000] {standard_task_runner.py:63} INFO - Started process 414 to run task
[2025-06-08T10:59:44.890+0000] {standard_task_runner.py:90} INFO - Running: ['***', 'tasks', 'run', 'incremental_data_processor', 'create_healthcare_records_table', 'scheduled__2025-06-08T09:00:00+00:00', '--job-id', '22', '--raw', '--subdir', 'DAGS_FOLDER/incremental_data_processor.py', '--cfg-path', '/tmp/tmpp7tphjz1']
[2025-06-08T10:59:44.896+0000] {standard_task_runner.py:91} INFO - Job 22: Subtask create_healthcare_records_table
[2025-06-08T10:59:45.004+0000] {task_command.py:426} INFO - Running <TaskInstance: incremental_data_processor.create_healthcare_records_table scheduled__2025-06-08T09:00:00+00:00 [running]> on host 6211e2649837
[2025-06-08T10:59:45.161+0000] {taskinstance.py:2648} INFO - Exporting env vars: AIRFLOW_CTX_DAG_EMAIL='admin@company.com' AIRFLOW_CTX_DAG_OWNER='***' AIRFLOW_CTX_DAG_ID='incremental_data_processor' AIRFLOW_CTX_TASK_ID='create_healthcare_records_table' AIRFLOW_CTX_EXECUTION_DATE='2025-06-08T09:00:00+00:00' AIRFLOW_CTX_TRY_NUMBER='1' AIRFLOW_CTX_DAG_RUN_ID='scheduled__2025-06-08T09:00:00+00:00'
[2025-06-08T10:59:45.164+0000] {taskinstance.py:430} INFO - ::endgroup::
[2025-06-08T10:59:45.188+0000] {sql.py:276} INFO - Executing: 
        CREATE TABLE IF NOT EXISTS healthcare_records (
            patient_id VARCHAR(20) PRIMARY KEY,
            admission_date DATE,
            discharge_date DATE,
            patient_name VARCHAR(100),
            date_of_birth DATE,
            age INTEGER,
            gender VARCHAR(20),
            blood_type VARCHAR(5),
            height_cm INTEGER,
            weight_kg DECIMAL(5,2),
            bmi DECIMAL(4,2),
            department VARCHAR(50),
            primary_diagnosis VARCHAR(200),
            secondary_diagnosis VARCHAR(200),
            attending_physician VARCHAR(100),
            referring_physician VARCHAR(100),
            procedures_performed TEXT,
            medications_prescribed TEXT,
            lab_results TEXT,
            vital_signs TEXT,
            insurance_provider VARCHAR(50),
            insurance_id VARCHAR(20),
            copay_amount DECIMAL(10,2),
            total_charges DECIMAL(12,2),
            insurance_covered DECIMAL(12,2),
            patient_balance DECIMAL(12,2),
            admission_type VARCHAR(20),
            discharge_disposition VARCHAR(50),
            length_of_stay_days INTEGER,
            readmission_risk VARCHAR(20),
            patient_satisfaction DECIMAL(3,2),
            follow_up_required BOOLEAN DEFAULT TRUE,
            created_at TIMESTAMP DEFAULT CURRENT_TIMESTAMP
        );
        
        CREATE INDEX IF NOT EXISTS idx_health_admission ON healthcare_records(admission_date);
        CREATE INDEX IF NOT EXISTS idx_health_patient ON healthcare_records(patient_id);
        CREATE INDEX IF NOT EXISTS idx_health_department ON healthcare_records(department);
    
[2025-06-08T10:59:45.209+0000] {base.py:84} INFO - Using connection ID 'write_to_psql' for task execution.
[2025-06-08T10:59:45.226+0000] {base.py:84} INFO - Using connection ID 'write_to_psql' for task execution.
[2025-06-08T10:59:45.233+0000] {sql.py:470} INFO - Running statement: 
        CREATE TABLE IF NOT EXISTS healthcare_records (
            patient_id VARCHAR(20) PRIMARY KEY,
            admission_date DATE,
            discharge_date DATE,
            patient_name VARCHAR(100),
            date_of_birth DATE,
            age INTEGER,
            gender VARCHAR(20),
            blood_type VARCHAR(5),
            height_cm INTEGER,
            weight_kg DECIMAL(5,2),
            bmi DECIMAL(4,2),
            department VARCHAR(50),
            primary_diagnosis VARCHAR(200),
            secondary_diagnosis VARCHAR(200),
            attending_physician VARCHAR(100),
            referring_physician VARCHAR(100),
            procedures_performed TEXT,
            medications_prescribed TEXT,
            lab_results TEXT,
            vital_signs TEXT,
            insurance_provider VARCHAR(50),
            insurance_id VARCHAR(20),
            copay_amount DECIMAL(10,2),
            total_charges DECIMAL(12,2),
            insurance_covered DECIMAL(12,2),
            patient_balance DECIMAL(12,2),
            admission_type VARCHAR(20),
            discharge_disposition VARCHAR(50),
            length_of_stay_days INTEGER,
            readmission_risk VARCHAR(20),
            patient_satisfaction DECIMAL(3,2),
            follow_up_required BOOLEAN DEFAULT TRUE,
            created_at TIMESTAMP DEFAULT CURRENT_TIMESTAMP
        );
        
        CREATE INDEX IF NOT EXISTS idx_health_admission ON healthcare_records(admission_date);
        CREATE INDEX IF NOT EXISTS idx_health_patient ON healthcare_records(patient_id);
        CREATE INDEX IF NOT EXISTS idx_health_department ON healthcare_records(department);
    , parameters: None
[2025-06-08T10:59:45.255+0000] {taskinstance.py:441} INFO - ::group::Post task execution logs
[2025-06-08T10:59:45.266+0000] {taskinstance.py:1206} INFO - Marking task as SUCCESS. dag_id=incremental_data_processor, task_id=create_healthcare_records_table, run_id=scheduled__2025-06-08T09:00:00+00:00, execution_date=20250608T090000, start_date=20250608T105944, end_date=20250608T105945
[2025-06-08T10:59:45.310+0000] {local_task_job_runner.py:240} INFO - Task exited with return code 0
[2025-06-08T10:59:45.334+0000] {logging_mixin.py:188} WARNING - /home/***/.local/lib/python3.9/site-packages/***/models/baseoperator.py:1296 AirflowProviderDeprecationWarning: Call to deprecated class PostgresOperator. (Please use `***.providers.common.sql.operators.sql.SQLExecuteQueryOperator`.Also, you can provide `hook_params={'schema': <database>}`.)
[2025-06-08T10:59:45.357+0000] {taskinstance.py:3498} INFO - 1 downstream tasks scheduled from follow-on schedule check
[2025-06-08T10:59:45.359+0000] {local_task_job_runner.py:222} INFO - ::endgroup::
