[2025-06-08T10:59:34.418+0000] {local_task_job_runner.py:120} INFO - ::group::Pre task execution logs
[2025-06-08T10:59:34.476+0000] {taskinstance.py:2076} INFO - Dependencies all met for dep_context=non-requeueable deps ti=<TaskInstance: csv_to_postgres_dag.create_table manual__2025-06-08T10:59:32.911086+00:00 [queued]>
[2025-06-08T10:59:34.494+0000] {taskinstance.py:2076} INFO - Dependencies all met for dep_context=requeueable deps ti=<TaskInstance: csv_to_postgres_dag.create_table manual__2025-06-08T10:59:32.911086+00:00 [queued]>
[2025-06-08T10:59:34.494+0000] {taskinstance.py:2306} INFO - Starting attempt 1 of 1
[2025-06-08T10:59:34.520+0000] {taskinstance.py:2330} INFO - Executing <Task(PostgresOperator): create_table> on 2025-06-08 10:59:32.911086+00:00
[2025-06-08T10:59:34.526+0000] {standard_task_runner.py:63} INFO - Started process 382 to run task
[2025-06-08T10:59:34.532+0000] {standard_task_runner.py:90} INFO - Running: ['***', 'tasks', 'run', 'csv_to_postgres_dag', 'create_table', 'manual__2025-06-08T10:59:32.911086+00:00', '--job-id', '11', '--raw', '--subdir', 'DAGS_FOLDER/job.py', '--cfg-path', '/tmp/tmp5utrmmdy']
[2025-06-08T10:59:34.538+0000] {standard_task_runner.py:91} INFO - Job 11: Subtask create_table
[2025-06-08T10:59:34.616+0000] {task_command.py:426} INFO - Running <TaskInstance: csv_to_postgres_dag.create_table manual__2025-06-08T10:59:32.911086+00:00 [running]> on host 6211e2649837
[2025-06-08T10:59:34.718+0000] {taskinstance.py:2648} INFO - Exporting env vars: AIRFLOW_CTX_DAG_OWNER='***' AIRFLOW_CTX_DAG_ID='csv_to_postgres_dag' AIRFLOW_CTX_TASK_ID='create_table' AIRFLOW_CTX_EXECUTION_DATE='2025-06-08T10:59:32.911086+00:00' AIRFLOW_CTX_TRY_NUMBER='1' AIRFLOW_CTX_DAG_RUN_ID='manual__2025-06-08T10:59:32.911086+00:00'
[2025-06-08T10:59:34.720+0000] {taskinstance.py:430} INFO - ::endgroup::
[2025-06-08T10:59:34.734+0000] {sql.py:276} INFO - Executing: 
        DROP TABLE IF EXISTS sample_table;
        CREATE TABLE sample_table (
            id SERIAL PRIMARY KEY,
            name VARCHAR(50),
            age INT
        );
        
[2025-06-08T10:59:34.746+0000] {base.py:84} INFO - Using connection ID 'write_to_psql' for task execution.
[2025-06-08T10:59:34.760+0000] {base.py:84} INFO - Using connection ID 'write_to_psql' for task execution.
[2025-06-08T10:59:34.766+0000] {sql.py:470} INFO - Running statement: 
        DROP TABLE IF EXISTS sample_table;
        CREATE TABLE sample_table (
            id SERIAL PRIMARY KEY,
            name VARCHAR(50),
            age INT
        );
        , parameters: None
[2025-06-08T10:59:34.781+0000] {taskinstance.py:441} INFO - ::group::Post task execution logs
[2025-06-08T10:59:34.790+0000] {taskinstance.py:1206} INFO - Marking task as SUCCESS. dag_id=csv_to_postgres_dag, task_id=create_table, run_id=manual__2025-06-08T10:59:32.911086+00:00, execution_date=20250608T105932, start_date=20250608T105934, end_date=20250608T105934
[2025-06-08T10:59:34.836+0000] {local_task_job_runner.py:240} INFO - Task exited with return code 0
[2025-06-08T10:59:34.862+0000] {logging_mixin.py:188} WARNING - /home/***/.local/lib/python3.9/site-packages/***/models/baseoperator.py:1296 AirflowProviderDeprecationWarning: Call to deprecated class PostgresOperator. (Please use `***.providers.common.sql.operators.sql.SQLExecuteQueryOperator`.Also, you can provide `hook_params={'schema': <database>}`.)
[2025-06-08T10:59:34.882+0000] {taskinstance.py:3498} INFO - 1 downstream tasks scheduled from follow-on schedule check
[2025-06-08T10:59:34.885+0000] {local_task_job_runner.py:222} INFO - ::endgroup::
