[2025-06-08T14:42:36.534+0000] {local_task_job_runner.py:120} INFO - ::group::Pre task execution logs
[2025-06-08T14:42:36.571+0000] {taskinstance.py:2076} INFO - Dependencies all met for dep_context=non-requeueable deps ti=<TaskInstance: simple_csv_to_postgres_dag.create_table manual__2025-06-08T14:42:35+00:00 [queued]>
[2025-06-08T14:42:36.584+0000] {taskinstance.py:2076} INFO - Dependencies all met for dep_context=requeueable deps ti=<TaskInstance: simple_csv_to_postgres_dag.create_table manual__2025-06-08T14:42:35+00:00 [queued]>
[2025-06-08T14:42:36.585+0000] {taskinstance.py:2306} INFO - Starting attempt 1 of 1
[2025-06-08T14:42:36.601+0000] {taskinstance.py:2330} INFO - Executing <Task(PostgresOperator): create_table> on 2025-06-08 14:42:35+00:00
[2025-06-08T14:42:36.606+0000] {standard_task_runner.py:63} INFO - Started process 385 to run task
[2025-06-08T14:42:36.610+0000] {standard_task_runner.py:90} INFO - Running: ['***', 'tasks', 'run', 'simple_csv_to_postgres_dag', 'create_table', 'manual__2025-06-08T14:42:35+00:00', '--job-id', '244', '--raw', '--subdir', 'DAGS_FOLDER/simple_csv_to_postgres_dag.py', '--cfg-path', '/tmp/tmpmr7d7mv3']
[2025-06-08T14:42:36.613+0000] {standard_task_runner.py:91} INFO - Job 244: Subtask create_table
[2025-06-08T14:42:36.686+0000] {task_command.py:426} INFO - Running <TaskInstance: simple_csv_to_postgres_dag.create_table manual__2025-06-08T14:42:35+00:00 [running]> on host f6c4201d846e
[2025-06-08T14:42:36.793+0000] {taskinstance.py:2648} INFO - Exporting env vars: AIRFLOW_CTX_DAG_OWNER='***' AIRFLOW_CTX_DAG_ID='simple_csv_to_postgres_dag' AIRFLOW_CTX_TASK_ID='create_table' AIRFLOW_CTX_EXECUTION_DATE='2025-06-08T14:42:35+00:00' AIRFLOW_CTX_TRY_NUMBER='1' AIRFLOW_CTX_DAG_RUN_ID='manual__2025-06-08T14:42:35+00:00'
[2025-06-08T14:42:36.794+0000] {taskinstance.py:430} INFO - ::endgroup::
[2025-06-08T14:42:36.808+0000] {sql.py:276} INFO - Executing: 
        DROP TABLE IF EXISTS sample_table;
        CREATE TABLE sample_table (
            id SERIAL PRIMARY KEY,
            name VARCHAR(50),
            age INT,
            created_at TIMESTAMP DEFAULT CURRENT_TIMESTAMP
        );
        CREATE INDEX idx_sample_name ON sample_table(name);
        
[2025-06-08T14:42:36.819+0000] {base.py:84} INFO - Using connection ID 'write_to_psql' for task execution.
[2025-06-08T14:42:36.831+0000] {base.py:84} INFO - Using connection ID 'write_to_psql' for task execution.
[2025-06-08T14:42:36.837+0000] {sql.py:470} INFO - Running statement: 
        DROP TABLE IF EXISTS sample_table;
        CREATE TABLE sample_table (
            id SERIAL PRIMARY KEY,
            name VARCHAR(50),
            age INT,
            created_at TIMESTAMP DEFAULT CURRENT_TIMESTAMP
        );
        CREATE INDEX idx_sample_name ON sample_table(name);
        , parameters: None
[2025-06-08T14:42:36.849+0000] {taskinstance.py:441} INFO - ::group::Post task execution logs
[2025-06-08T14:42:36.861+0000] {taskinstance.py:1206} INFO - Marking task as SUCCESS. dag_id=simple_csv_to_postgres_dag, task_id=create_table, run_id=manual__2025-06-08T14:42:35+00:00, execution_date=20250608T144235, start_date=20250608T144236, end_date=20250608T144236
[2025-06-08T14:42:36.916+0000] {local_task_job_runner.py:240} INFO - Task exited with return code 0
[2025-06-08T14:42:36.938+0000] {logging_mixin.py:188} WARNING - /home/***/.local/lib/python3.9/site-packages/***/models/baseoperator.py:1296 AirflowProviderDeprecationWarning: Call to deprecated class PostgresOperator. (Please use `***.providers.common.sql.operators.sql.SQLExecuteQueryOperator`.Also, you can provide `hook_params={'schema': <database>}`.)
[2025-06-08T14:42:36.961+0000] {taskinstance.py:3498} INFO - 1 downstream tasks scheduled from follow-on schedule check
[2025-06-08T14:42:36.963+0000] {local_task_job_runner.py:222} INFO - ::endgroup::
