[2025-06-08T14:38:21.331+0000] {local_task_job_runner.py:120} INFO - ::group::Pre task execution logs
[2025-06-08T14:38:21.368+0000] {taskinstance.py:2076} INFO - Dependencies all met for dep_context=non-requeueable deps ti=<TaskInstance: large_csv_processor_dag.create_sales_transactions_table manual__2025-06-08T14:38:18+00:00 [queued]>
[2025-06-08T14:38:21.380+0000] {taskinstance.py:2076} INFO - Dependencies all met for dep_context=requeueable deps ti=<TaskInstance: large_csv_processor_dag.create_sales_transactions_table manual__2025-06-08T14:38:18+00:00 [queued]>
[2025-06-08T14:38:21.382+0000] {taskinstance.py:2306} INFO - Starting attempt 1 of 2
[2025-06-08T14:38:21.404+0000] {taskinstance.py:2330} INFO - Executing <Task(PostgresOperator): create_sales_transactions_table> on 2025-06-08 14:38:18+00:00
[2025-06-08T14:38:21.412+0000] {standard_task_runner.py:63} INFO - Started process 586 to run task
[2025-06-08T14:38:21.417+0000] {standard_task_runner.py:90} INFO - Running: ['***', 'tasks', 'run', 'large_csv_processor_dag', 'create_sales_transactions_table', 'manual__2025-06-08T14:38:18+00:00', '--job-id', '217', '--raw', '--subdir', 'DAGS_FOLDER/csv_processor.py', '--cfg-path', '/tmp/tmpq2u4kd8d']
[2025-06-08T14:38:21.420+0000] {standard_task_runner.py:91} INFO - Job 217: Subtask create_sales_transactions_table
[2025-06-08T14:38:21.481+0000] {task_command.py:426} INFO - Running <TaskInstance: large_csv_processor_dag.create_sales_transactions_table manual__2025-06-08T14:38:18+00:00 [running]> on host 87e83fb02300
[2025-06-08T14:38:21.586+0000] {taskinstance.py:2648} INFO - Exporting env vars: AIRFLOW_CTX_DAG_OWNER='***' AIRFLOW_CTX_DAG_ID='large_csv_processor_dag' AIRFLOW_CTX_TASK_ID='create_sales_transactions_table' AIRFLOW_CTX_EXECUTION_DATE='2025-06-08T14:38:18+00:00' AIRFLOW_CTX_TRY_NUMBER='1' AIRFLOW_CTX_DAG_RUN_ID='manual__2025-06-08T14:38:18+00:00'
[2025-06-08T14:38:21.588+0000] {taskinstance.py:430} INFO - ::endgroup::
[2025-06-08T14:38:21.602+0000] {sql.py:276} INFO - Executing: 
            DROP TABLE IF EXISTS sales_transactions CASCADE;
            CREATE TABLE sales_transactions (
                transaction_id VARCHAR(20) PRIMARY KEY,
                order_date TIMESTAMP,
                customer_id VARCHAR(20),
                customer_name VARCHAR(100),
                customer_email VARCHAR(100),
                customer_type VARCHAR(20),
                product_ids TEXT,
                product_names TEXT,
                quantities TEXT,
                unit_prices TEXT,
                subtotal DECIMAL(12,2),
                tax_amount DECIMAL(10,2),
                shipping_cost DECIMAL(10,2),
                discount_amount DECIMAL(10,2),
                total_amount DECIMAL(12,2),
                payment_method VARCHAR(50),
                payment_status VARCHAR(20),
                order_status VARCHAR(20),
                sales_channel VARCHAR(50),
                sales_rep_id VARCHAR(10),
                sales_rep_name VARCHAR(100),
                shipping_address TEXT,
                billing_address TEXT,
                region VARCHAR(50),
                country VARCHAR(50),
                currency VARCHAR(10),
                exchange_rate DECIMAL(10,4),
                notes TEXT,
                refund_amount DECIMAL(12,2),
                is_gift BOOLEAN,
                loyalty_points_earned INTEGER,
                created_at TIMESTAMP DEFAULT CURRENT_TIMESTAMP
            );
            
            CREATE INDEX idx_sales_order_date ON sales_transactions(order_date);
            CREATE INDEX idx_sales_customer ON sales_transactions(customer_id);
            CREATE INDEX idx_sales_status ON sales_transactions(order_status);
        
[2025-06-08T14:38:21.615+0000] {base.py:84} INFO - Using connection ID 'write_to_psql' for task execution.
[2025-06-08T14:38:21.628+0000] {base.py:84} INFO - Using connection ID 'write_to_psql' for task execution.
[2025-06-08T14:38:21.635+0000] {sql.py:470} INFO - Running statement: 
            DROP TABLE IF EXISTS sales_transactions CASCADE;
            CREATE TABLE sales_transactions (
                transaction_id VARCHAR(20) PRIMARY KEY,
                order_date TIMESTAMP,
                customer_id VARCHAR(20),
                customer_name VARCHAR(100),
                customer_email VARCHAR(100),
                customer_type VARCHAR(20),
                product_ids TEXT,
                product_names TEXT,
                quantities TEXT,
                unit_prices TEXT,
                subtotal DECIMAL(12,2),
                tax_amount DECIMAL(10,2),
                shipping_cost DECIMAL(10,2),
                discount_amount DECIMAL(10,2),
                total_amount DECIMAL(12,2),
                payment_method VARCHAR(50),
                payment_status VARCHAR(20),
                order_status VARCHAR(20),
                sales_channel VARCHAR(50),
                sales_rep_id VARCHAR(10),
                sales_rep_name VARCHAR(100),
                shipping_address TEXT,
                billing_address TEXT,
                region VARCHAR(50),
                country VARCHAR(50),
                currency VARCHAR(10),
                exchange_rate DECIMAL(10,4),
                notes TEXT,
                refund_amount DECIMAL(12,2),
                is_gift BOOLEAN,
                loyalty_points_earned INTEGER,
                created_at TIMESTAMP DEFAULT CURRENT_TIMESTAMP
            );
            
            CREATE INDEX idx_sales_order_date ON sales_transactions(order_date);
            CREATE INDEX idx_sales_customer ON sales_transactions(customer_id);
            CREATE INDEX idx_sales_status ON sales_transactions(order_status);
        , parameters: None
[2025-06-08T14:38:21.656+0000] {taskinstance.py:441} INFO - ::group::Post task execution logs
[2025-06-08T14:38:21.668+0000] {taskinstance.py:1206} INFO - Marking task as SUCCESS. dag_id=large_csv_processor_dag, task_id=create_sales_transactions_table, run_id=manual__2025-06-08T14:38:18+00:00, execution_date=20250608T143818, start_date=20250608T143821, end_date=20250608T143821
[2025-06-08T14:38:21.719+0000] {local_task_job_runner.py:240} INFO - Task exited with return code 0
[2025-06-08T14:38:21.740+0000] {local_task_job_runner.py:222} INFO - ::endgroup::
