[2025-06-08T17:05:52.074+0000] {local_task_job_runner.py:120} INFO - ::group::Pre task execution logs
[2025-06-08T17:05:52.156+0000] {taskinstance.py:2076} INFO - Dependencies all met for dep_context=non-requeueable deps ti=<TaskInstance: incremental_data_processor.create_web_analytics_table scheduled__2025-06-08T16:00:00+00:00 [queued]>
[2025-06-08T17:05:52.175+0000] {taskinstance.py:2076} INFO - Dependencies all met for dep_context=requeueable deps ti=<TaskInstance: incremental_data_processor.create_web_analytics_table scheduled__2025-06-08T16:00:00+00:00 [queued]>
[2025-06-08T17:05:52.181+0000] {taskinstance.py:2306} INFO - Starting attempt 1 of 3
[2025-06-08T17:05:52.229+0000] {taskinstance.py:2330} INFO - Executing <Task(PostgresOperator): create_web_analytics_table> on 2025-06-08 16:00:00+00:00
[2025-06-08T17:05:52.254+0000] {standard_task_runner.py:63} INFO - Started process 234 to run task
[2025-06-08T17:05:52.294+0000] {standard_task_runner.py:90} INFO - Running: ['***', 'tasks', 'run', 'incremental_data_processor', 'create_web_analytics_table', 'scheduled__2025-06-08T16:00:00+00:00', '--job-id', '310', '--raw', '--subdir', 'DAGS_FOLDER/incremental_data_processor.py', '--cfg-path', '/tmp/tmpyz4gcpbu']
[2025-06-08T17:05:52.305+0000] {standard_task_runner.py:91} INFO - Job 310: Subtask create_web_analytics_table
[2025-06-08T17:05:52.483+0000] {task_command.py:426} INFO - Running <TaskInstance: incremental_data_processor.create_web_analytics_table scheduled__2025-06-08T16:00:00+00:00 [running]> on host 4ab78a1feb5d
[2025-06-08T17:05:52.717+0000] {taskinstance.py:2648} INFO - Exporting env vars: AIRFLOW_CTX_DAG_EMAIL='admin@company.com' AIRFLOW_CTX_DAG_OWNER='***' AIRFLOW_CTX_DAG_ID='incremental_data_processor' AIRFLOW_CTX_TASK_ID='create_web_analytics_table' AIRFLOW_CTX_EXECUTION_DATE='2025-06-08T16:00:00+00:00' AIRFLOW_CTX_TRY_NUMBER='1' AIRFLOW_CTX_DAG_RUN_ID='scheduled__2025-06-08T16:00:00+00:00'
[2025-06-08T17:05:52.719+0000] {taskinstance.py:430} INFO - ::endgroup::
[2025-06-08T17:05:52.758+0000] {sql.py:276} INFO - Executing: 
        CREATE TABLE IF NOT EXISTS web_analytics (
            session_id VARCHAR(30) PRIMARY KEY,
            user_id VARCHAR(20),
            timestamp TIMESTAMP,
            page_url VARCHAR(200),
            referrer_url VARCHAR(500),
            source VARCHAR(50),
            medium VARCHAR(50),
            campaign VARCHAR(100),
            device_type VARCHAR(20),
            browser VARCHAR(50),
            operating_system VARCHAR(50),
            screen_resolution VARCHAR(20),
            country VARCHAR(50),
            city VARCHAR(50),
            language VARCHAR(20),
            session_duration_seconds INTEGER,
            pages_viewed INTEGER,
            bounce BOOLEAN DEFAULT FALSE,
            conversion BOOLEAN DEFAULT FALSE,
            conversion_value DECIMAL(10,2) DEFAULT 0,
            events_triggered INTEGER DEFAULT 0,
            click_through_rate DECIMAL(5,2),
            scroll_depth_percentage INTEGER,
            form_submissions INTEGER DEFAULT 0,
            downloads INTEGER DEFAULT 0,
            video_plays INTEGER DEFAULT 0,
            add_to_cart INTEGER DEFAULT 0,
            purchases INTEGER DEFAULT 0,
            new_vs_returning VARCHAR(20),
            user_agent TEXT,
            ip_address_hash VARCHAR(64),
            session_quality_score DECIMAL(5,2)
        );
        
        CREATE INDEX IF NOT EXISTS idx_analytics_timestamp ON web_analytics(timestamp);
        CREATE INDEX IF NOT EXISTS idx_analytics_user ON web_analytics(user_id);
        CREATE INDEX IF NOT EXISTS idx_analytics_page ON web_analytics(page_url);
    
[2025-06-08T17:05:52.790+0000] {base.py:84} INFO - Using connection ID 'write_to_psql' for task execution.
[2025-06-08T17:05:52.835+0000] {base.py:84} INFO - Using connection ID 'write_to_psql' for task execution.
[2025-06-08T17:05:52.856+0000] {sql.py:470} INFO - Running statement: 
        CREATE TABLE IF NOT EXISTS web_analytics (
            session_id VARCHAR(30) PRIMARY KEY,
            user_id VARCHAR(20),
            timestamp TIMESTAMP,
            page_url VARCHAR(200),
            referrer_url VARCHAR(500),
            source VARCHAR(50),
            medium VARCHAR(50),
            campaign VARCHAR(100),
            device_type VARCHAR(20),
            browser VARCHAR(50),
            operating_system VARCHAR(50),
            screen_resolution VARCHAR(20),
            country VARCHAR(50),
            city VARCHAR(50),
            language VARCHAR(20),
            session_duration_seconds INTEGER,
            pages_viewed INTEGER,
            bounce BOOLEAN DEFAULT FALSE,
            conversion BOOLEAN DEFAULT FALSE,
            conversion_value DECIMAL(10,2) DEFAULT 0,
            events_triggered INTEGER DEFAULT 0,
            click_through_rate DECIMAL(5,2),
            scroll_depth_percentage INTEGER,
            form_submissions INTEGER DEFAULT 0,
            downloads INTEGER DEFAULT 0,
            video_plays INTEGER DEFAULT 0,
            add_to_cart INTEGER DEFAULT 0,
            purchases INTEGER DEFAULT 0,
            new_vs_returning VARCHAR(20),
            user_agent TEXT,
            ip_address_hash VARCHAR(64),
            session_quality_score DECIMAL(5,2)
        );
        
        CREATE INDEX IF NOT EXISTS idx_analytics_timestamp ON web_analytics(timestamp);
        CREATE INDEX IF NOT EXISTS idx_analytics_user ON web_analytics(user_id);
        CREATE INDEX IF NOT EXISTS idx_analytics_page ON web_analytics(page_url);
    , parameters: None
[2025-06-08T17:05:52.865+0000] {taskinstance.py:441} INFO - ::group::Post task execution logs
[2025-06-08T17:05:52.885+0000] {taskinstance.py:1206} INFO - Marking task as SUCCESS. dag_id=incremental_data_processor, task_id=create_web_analytics_table, run_id=scheduled__2025-06-08T16:00:00+00:00, execution_date=20250608T160000, start_date=20250608T170552, end_date=20250608T170552
[2025-06-08T17:05:52.924+0000] {local_task_job_runner.py:240} INFO - Task exited with return code 0
[2025-06-08T17:05:52.965+0000] {logging_mixin.py:188} WARNING - /home/***/.local/lib/python3.9/site-packages/***/models/baseoperator.py:1296 AirflowProviderDeprecationWarning: Call to deprecated class PostgresOperator. (Please use `***.providers.common.sql.operators.sql.SQLExecuteQueryOperator`.Also, you can provide `hook_params={'schema': <database>}`.)
[2025-06-08T17:05:53.014+0000] {taskinstance.py:3498} INFO - 1 downstream tasks scheduled from follow-on schedule check
[2025-06-08T17:05:53.016+0000] {local_task_job_runner.py:222} INFO - ::endgroup::
