[2025-06-08T17:05:52.053+0000] {local_task_job_runner.py:120} INFO - ::group::Pre task execution logs
[2025-06-08T17:05:52.157+0000] {taskinstance.py:2076} INFO - Dependencies all met for dep_context=non-requeueable deps ti=<TaskInstance: incremental_data_processor.create_support_tickets_table scheduled__2025-06-08T16:00:00+00:00 [queued]>
[2025-06-08T17:05:52.181+0000] {taskinstance.py:2076} INFO - Dependencies all met for dep_context=requeueable deps ti=<TaskInstance: incremental_data_processor.create_support_tickets_table scheduled__2025-06-08T16:00:00+00:00 [queued]>
[2025-06-08T17:05:52.187+0000] {taskinstance.py:2306} INFO - Starting attempt 1 of 3
[2025-06-08T17:05:52.246+0000] {taskinstance.py:2330} INFO - Executing <Task(PostgresOperator): create_support_tickets_table> on 2025-06-08 16:00:00+00:00
[2025-06-08T17:05:52.256+0000] {standard_task_runner.py:63} INFO - Started process 235 to run task
[2025-06-08T17:05:52.271+0000] {standard_task_runner.py:90} INFO - Running: ['***', 'tasks', 'run', 'incremental_data_processor', 'create_support_tickets_table', 'scheduled__2025-06-08T16:00:00+00:00', '--job-id', '309', '--raw', '--subdir', 'DAGS_FOLDER/incremental_data_processor.py', '--cfg-path', '/tmp/tmp03_8cl02']
[2025-06-08T17:05:52.279+0000] {standard_task_runner.py:91} INFO - Job 309: Subtask create_support_tickets_table
[2025-06-08T17:05:52.468+0000] {task_command.py:426} INFO - Running <TaskInstance: incremental_data_processor.create_support_tickets_table scheduled__2025-06-08T16:00:00+00:00 [running]> on host 4ab78a1feb5d
[2025-06-08T17:05:52.709+0000] {taskinstance.py:2648} INFO - Exporting env vars: AIRFLOW_CTX_DAG_EMAIL='admin@company.com' AIRFLOW_CTX_DAG_OWNER='***' AIRFLOW_CTX_DAG_ID='incremental_data_processor' AIRFLOW_CTX_TASK_ID='create_support_tickets_table' AIRFLOW_CTX_EXECUTION_DATE='2025-06-08T16:00:00+00:00' AIRFLOW_CTX_TRY_NUMBER='1' AIRFLOW_CTX_DAG_RUN_ID='scheduled__2025-06-08T16:00:00+00:00'
[2025-06-08T17:05:52.712+0000] {taskinstance.py:430} INFO - ::endgroup::
[2025-06-08T17:05:52.736+0000] {sql.py:276} INFO - Executing: 
        CREATE TABLE IF NOT EXISTS support_tickets (
            ticket_id VARCHAR(20) PRIMARY KEY,
            created_date TIMESTAMP,
            customer_id VARCHAR(20),
            customer_name VARCHAR(100),
            customer_email VARCHAR(100),
            category VARCHAR(50),
            subcategory VARCHAR(100),
            priority VARCHAR(20),
            status VARCHAR(20),
            subject VARCHAR(200),
            description TEXT,
            channel VARCHAR(50),
            assigned_to VARCHAR(10),
            department VARCHAR(50),
            first_response_time_hours DECIMAL(10,2),
            resolution_time_hours DECIMAL(10,2),
            number_of_interactions INTEGER,
            satisfaction_rating DECIMAL(3,2),
            tags TEXT,
            related_order_id VARCHAR(20),
            product_id VARCHAR(20),
            escalated BOOLEAN DEFAULT FALSE,
            reopened BOOLEAN DEFAULT FALSE,
            agent_notes TEXT,
            resolution_notes TEXT,
            sla_breach BOOLEAN DEFAULT FALSE,
            response_sla_hours INTEGER,
            resolution_sla_hours INTEGER,
            customer_lifetime_value DECIMAL(12,2),
            is_vip_customer BOOLEAN DEFAULT FALSE,
            language VARCHAR(20),
            updated_at TIMESTAMP DEFAULT CURRENT_TIMESTAMP
        );
        
        CREATE INDEX IF NOT EXISTS idx_tickets_created ON support_tickets(created_date);
        CREATE INDEX IF NOT EXISTS idx_tickets_status ON support_tickets(status);
        CREATE INDEX IF NOT EXISTS idx_tickets_priority ON support_tickets(priority);
    
[2025-06-08T17:05:52.773+0000] {base.py:84} INFO - Using connection ID 'write_to_psql' for task execution.
[2025-06-08T17:05:52.829+0000] {base.py:84} INFO - Using connection ID 'write_to_psql' for task execution.
[2025-06-08T17:05:52.848+0000] {sql.py:470} INFO - Running statement: 
        CREATE TABLE IF NOT EXISTS support_tickets (
            ticket_id VARCHAR(20) PRIMARY KEY,
            created_date TIMESTAMP,
            customer_id VARCHAR(20),
            customer_name VARCHAR(100),
            customer_email VARCHAR(100),
            category VARCHAR(50),
            subcategory VARCHAR(100),
            priority VARCHAR(20),
            status VARCHAR(20),
            subject VARCHAR(200),
            description TEXT,
            channel VARCHAR(50),
            assigned_to VARCHAR(10),
            department VARCHAR(50),
            first_response_time_hours DECIMAL(10,2),
            resolution_time_hours DECIMAL(10,2),
            number_of_interactions INTEGER,
            satisfaction_rating DECIMAL(3,2),
            tags TEXT,
            related_order_id VARCHAR(20),
            product_id VARCHAR(20),
            escalated BOOLEAN DEFAULT FALSE,
            reopened BOOLEAN DEFAULT FALSE,
            agent_notes TEXT,
            resolution_notes TEXT,
            sla_breach BOOLEAN DEFAULT FALSE,
            response_sla_hours INTEGER,
            resolution_sla_hours INTEGER,
            customer_lifetime_value DECIMAL(12,2),
            is_vip_customer BOOLEAN DEFAULT FALSE,
            language VARCHAR(20),
            updated_at TIMESTAMP DEFAULT CURRENT_TIMESTAMP
        );
        
        CREATE INDEX IF NOT EXISTS idx_tickets_created ON support_tickets(created_date);
        CREATE INDEX IF NOT EXISTS idx_tickets_status ON support_tickets(status);
        CREATE INDEX IF NOT EXISTS idx_tickets_priority ON support_tickets(priority);
    , parameters: None
[2025-06-08T17:05:52.865+0000] {taskinstance.py:441} INFO - ::group::Post task execution logs
[2025-06-08T17:05:52.899+0000] {taskinstance.py:1206} INFO - Marking task as SUCCESS. dag_id=incremental_data_processor, task_id=create_support_tickets_table, run_id=scheduled__2025-06-08T16:00:00+00:00, execution_date=20250608T160000, start_date=20250608T170552, end_date=20250608T170552
[2025-06-08T17:05:52.964+0000] {local_task_job_runner.py:240} INFO - Task exited with return code 0
[2025-06-08T17:05:52.985+0000] {local_task_job_runner.py:222} INFO - ::endgroup::
